android/app/build/intermediates/manifest_merge_blame_file/debug/processDebugMainManifest/manifest-merger-blame-debug-report.txt
1<?xml version="1.0" encoding="utf-8"?>
2<manifest xmlns:android="http://schemas.android.com/apk/res/android"
3    package="com.example.laundry"
4    android:versionCode="1"
5    android:versionName="1.0.0" >
6
7    <uses-sdk
8        android:minSdkVersion="24"
9        android:targetSdkVersion="36" />
10    <!--
11         The INTERNET permission is required for development. Specifically,
12         the Flutter tool needs it to communicate with the running application
13         to allow setting breakpoints, to provide hot reload, etc.
14    -->
15    <uses-permission android:name="android.permission.INTERNET" />
15-->src\debug\AndroidManifest.xml:6:5-66
15-->src\debug\AndroidManifest.xml:6:22-64
16    <!--
17     Required to query activities that can process text, see:
18         https://developer.android.com/training/package-visibility and
19         https://developer.android.com/reference/android/content/Intent#ACTION_PROCESS_TEXT.
20
21         In particular, this is used by the Flutter engine in io.flutter.plugin.text.ProcessTextPlugin.
22    -->
23    <queries>
23-->src\main\AndroidManifest.xml:41:5-46:15
24        <intent>
24-->src\main\AndroidManifest.xml:42:9-45:18
25            <action android:name="android.intent.action.PROCESS_TEXT" />
25-->src\main\AndroidManifest.xml:43:13-72
25-->src\main\AndroidManifest.xml:43:21-70
26
27            <data android:mimeType="text/plain" />
27-->src\main\AndroidManifest.xml:44:13-50
27-->src\main\AndroidManifest.xml:44:19-48
28        </intent>
29        <!-- Needs to be explicitly declared on Android R+ -->
30        <package android:name="com.google.android.apps.maps" />
30-->[com.google.android.gms:play-services-maps:20.0.0] AndroidManifest.xml:29:7-61
30-->[com.google.android.gms:play-services-maps:20.0.0] AndroidManifest.xml:29:16-59
31    </queries>
32
33    <uses-permission android:name="android.permission.ACCESS_NETWORK_STATE" />
33-->[:connectivity_plus] AndroidManifest.xml:7:5-79
33-->[:connectivity_plus] AndroidManifest.xml:7:22-76
34    <uses-permission android:name="android.permission.WAKE_LOCK" /> <!-- Permissions options for the `notification` group -->
34-->[:firebase_messaging] AndroidManifest.xml:8:5-68
34-->[:firebase_messaging] AndroidManifest.xml:8:22-65
35    <uses-permission android:name="android.permission.POST_NOTIFICATIONS" />
35-->[:firebase_messaging] AndroidManifest.xml:11:5-77
35-->[:firebase_messaging] AndroidManifest.xml:11:22-74
36
37    <uses-feature
37-->[com.google.android.gms:play-services-maps:20.0.0] AndroidManifest.xml:22:5-24:33
38        android:glEsVersion="0x00020000"
38-->[com.google.android.gms:play-services-maps:20.0.0] AndroidManifest.xml:23:8-40
39        android:required="true" /> <!-- Required by older versions of Google Play services to create IID tokens -->
39-->[com.google.android.gms:play-services-maps:20.0.0] AndroidManifest.xml:24:8-31
40    <uses-permission android:name="com.google.android.c2dm.permission.RECEIVE" />
40-->[com.google.firebase:firebase-messaging:25.0.1] AndroidManifest.xml:26:5-82
40-->[com.google.firebase:firebase-messaging:25.0.1] AndroidManifest.xml:26:22-79
41    <uses-permission android:name="com.google.android.providers.gsf.permission.READ_GSERVICES" />
41-->[com.google.android.recaptcha:recaptcha:18.6.1] AndroidManifest.xml:9:5-98
41-->[com.google.android.recaptcha:recaptcha:18.6.1] AndroidManifest.xml:9:22-95
42
43    <permission
43-->[androidx.core:core:1.17.0] AndroidManifest.xml:22:5-24:47
44        android:name="com.example.laundry.DYNAMIC_RECEIVER_NOT_EXPORTED_PERMISSION"
44-->[androidx.core:core:1.17.0] AndroidManifest.xml:23:9-81
45        android:protectionLevel="signature" />
45-->[androidx.core:core:1.17.0] AndroidManifest.xml:24:9-44
46
47    <uses-permission android:name="com.example.laundry.DYNAMIC_RECEIVER_NOT_EXPORTED_PERMISSION" />
47-->[androidx.core:core:1.17.0] AndroidManifest.xml:26:5-97
47-->[androidx.core:core:1.17.0] AndroidManifest.xml:26:22-94
48
49    <application
50        android:name="android.app.Application"
51        android:appComponentFactory="androidx.core.app.CoreComponentFactory"
51-->[androidx.core:core:1.17.0] AndroidManifest.xml:28:18-86
52        android:debuggable="true"
53        android:extractNativeLibs="false"
54        android:icon="@mipmap/ic_launcher"
55        android:label="laundry" >
56        <activity
57            android:name="com.example.laundry.MainActivity"
58            android:configChanges="orientation|keyboardHidden|keyboard|screenSize|smallestScreenSize|locale|layoutDirection|fontScale|screenLayout|density|uiMode"
59            android:exported="true"
60            android:hardwareAccelerated="true"
61            android:launchMode="singleTop"
62            android:taskAffinity=""
63            android:theme="@style/LaunchTheme"
64            android:windowSoftInputMode="adjustResize" >
65
66            <!--
67                 Specifies an Android theme to apply to this Activity as soon as
68                 the Android process has started. This theme is visible to the user
69                 while the Flutter UI initializes. After that, this theme continues
70                 to determine the Window background behind the Flutter UI.
71            -->
72            <meta-data
73                android:name="io.flutter.embedding.android.NormalTheme"
74                android:resource="@style/NormalTheme" />
75
76            <intent-filter>
77                <action android:name="android.intent.action.MAIN" />
78
79                <category android:name="android.intent.category.LAUNCHER" />
80            </intent-filter>
81        </activity>
82        <!--
83             Don't delete the meta-data below.
84             This is used by the Flutter tool to generate GeneratedPluginRegistrant.java
85        -->
86        <meta-data
87            android:name="flutterEmbedding"
88            android:value="2" />
89        <meta-data
90            android:name="com.google.android.geo.API_KEY"
91            android:value="AIzaSyCI2R3B9RRi96yU-IM95l08ZNn_eZY3cAE" />
92
93        <service
93-->[:firebase_storage] AndroidManifest.xml:8:9-12:19
94            android:name="com.google.firebase.components.ComponentDiscoveryService"
94-->[:firebase_storage] AndroidManifest.xml:8:18-89
95            android:directBootAware="true"
95-->[com.google.firebase:firebase-common:22.0.1] AndroidManifest.xml:32:13-43
96            android:exported="false" >
96-->[com.google.firebase:firebase-auth:24.0.1] AndroidManifest.xml:68:13-37
97            <meta-data
97-->[:firebase_storage] AndroidManifest.xml:9:13-11:85
98                android:name="com.google.firebase.components:io.flutter.plugins.firebase.storage.FlutterFirebaseAppRegistrar"
98-->[:firebase_storage] AndroidManifest.xml:10:17-126
99                android:value="com.google.firebase.components.ComponentRegistrar" />
99-->[:firebase_storage] AndroidManifest.xml:11:17-82
100            <meta-data
100-->[:cloud_firestore] AndroidManifest.xml:9:13-11:85
101                android:name="com.google.firebase.components:io.flutter.plugins.firebase.firestore.FlutterFirebaseFirestoreRegistrar"
101-->[:cloud_firestore] AndroidManifest.xml:10:17-134
102                android:value="com.google.firebase.components.ComponentRegistrar" />
102-->[:cloud_firestore] AndroidManifest.xml:11:17-82
103            <meta-data
103-->[:firebase_auth] AndroidManifest.xml:9:13-11:85
104                android:name="com.google.firebase.components:io.flutter.plugins.firebase.auth.FlutterFirebaseAuthRegistrar"
104-->[:firebase_auth] AndroidManifest.xml:10:17-124
105                android:value="com.google.firebase.components.ComponentRegistrar" />
105-->[:firebase_auth] AndroidManifest.xml:11:17-82
106            <meta-data
106-->[:firebase_messaging] AndroidManifest.xml:36:13-38:85
107                android:name="com.google.firebase.components:io.flutter.plugins.firebase.messaging.FlutterFirebaseAppRegistrar"
107-->[:firebase_messaging] AndroidManifest.xml:37:17-128
108                android:value="com.google.firebase.components.ComponentRegistrar" />
108-->[:firebase_messaging] AndroidManifest.xml:38:17-82
109            <meta-data
109-->[:firebase_core] AndroidManifest.xml:9:13-11:85
110                android:name="com.google.firebase.components:io.flutter.plugins.firebase.core.FlutterFirebaseCoreRegistrar"
110-->[:firebase_core] AndroidManifest.xml:10:17-124
111                android:value="com.google.firebase.components.ComponentRegistrar" />
111-->[:firebase_core] AndroidManifest.xml:11:17-82
112            <meta-data
112-->[com.google.firebase:firebase-auth:24.0.1] AndroidManifest.xml:69:13-71:85
113                android:name="com.google.firebase.components:com.google.firebase.auth.FirebaseAuthRegistrar"
113-->[com.google.firebase:firebase-auth:24.0.1] AndroidManifest.xml:70:17-109
114                android:value="com.google.firebase.components.ComponentRegistrar" />
114-->[com.google.firebase:firebase-auth:24.0.1] AndroidManifest.xml:71:17-82
115            <meta-data
115-->[com.google.firebase:firebase-firestore:26.1.0] AndroidManifest.xml:17:13-19:85
116                android:name="com.google.firebase.components:com.google.firebase.firestore.FirebaseFirestoreKtxRegistrar"
116-->[com.google.firebase:firebase-firestore:26.1.0] AndroidManifest.xml:18:17-122
117                android:value="com.google.firebase.components.ComponentRegistrar" />
117-->[com.google.firebase:firebase-firestore:26.1.0] AndroidManifest.xml:19:17-82
118            <meta-data
118-->[com.google.firebase:firebase-firestore:26.1.0] AndroidManifest.xml:20:13-22:85
119                android:name="com.google.firebase.components:com.google.firebase.firestore.FirestoreRegistrar"
119-->[com.google.firebase:firebase-firestore:26.1.0] AndroidManifest.xml:21:17-111
120                android:value="com.google.firebase.components.ComponentRegistrar" />
120-->[com.google.firebase:firebase-firestore:26.1.0] AndroidManifest.xml:22:17-82
121            <meta-data
121-->[com.google.firebase:firebase-messaging:25.0.1] AndroidManifest.xml:57:13-59:85
122                android:name="com.google.firebase.components:com.google.firebase.messaging.FirebaseMessagingKtxRegistrar"
122-->[com.google.firebase:firebase-messaging:25.0.1] AndroidManifest.xml:58:17-122
123                android:value="com.google.firebase.components.ComponentRegistrar" />
123-->[com.google.firebase:firebase-messaging:25.0.1] AndroidManifest.xml:59:17-82
124            <meta-data
124-->[com.google.firebase:firebase-messaging:25.0.1] AndroidManifest.xml:60:13-62:85
125                android:name="com.google.firebase.components:com.google.firebase.messaging.FirebaseMessagingRegistrar"
125-->[com.google.firebase:firebase-messaging:25.0.1] AndroidManifest.xml:61:17-119
126                android:value="com.google.firebase.components.ComponentRegistrar" />
126-->[com.google.firebase:firebase-messaging:25.0.1] AndroidManifest.xml:62:17-82
127            <meta-data
127-->[com.google.firebase:firebase-storage:22.0.1] AndroidManifest.xml:30:13-32:85
128                android:name="com.google.firebase.components:com.google.firebase.storage.FirebaseStorageKtxRegistrar"
128-->[com.google.firebase:firebase-storage:22.0.1] AndroidManifest.xml:31:17-118
129                android:value="com.google.firebase.components.ComponentRegistrar" />
129-->[com.google.firebase:firebase-storage:22.0.1] AndroidManifest.xml:32:17-82
130            <meta-data
130-->[com.google.firebase:firebase-storage:22.0.1] AndroidManifest.xml:33:13-35:85
131                android:name="com.google.firebase.components:com.google.firebase.storage.StorageRegistrar"
131-->[com.google.firebase:firebase-storage:22.0.1] AndroidManifest.xml:34:17-107
132                android:value="com.google.firebase.components.ComponentRegistrar" />
132-->[com.google.firebase:firebase-storage:22.0.1] AndroidManifest.xml:35:17-82
133            <meta-data
133-->[com.google.firebase:firebase-installations:19.0.1] AndroidManifest.xml:15:13-17:85
134                android:name="com.google.firebase.components:com.google.firebase.installations.FirebaseInstallationsKtxRegistrar"
134-->[com.google.firebase:firebase-installations:19.0.1] AndroidManifest.xml:16:17-130
135                android:value="com.google.firebase.components.ComponentRegistrar" />
135-->[com.google.firebase:firebase-installations:19.0.1] AndroidManifest.xml:17:17-82
136            <meta-data
136-->[com.google.firebase:firebase-installations:19.0.1] AndroidManifest.xml:18:13-20:85
137                android:name="com.google.firebase.components:com.google.firebase.installations.FirebaseInstallationsRegistrar"
137-->[com.google.firebase:firebase-installations:19.0.1] AndroidManifest.xml:19:17-127
138                android:value="com.google.firebase.components.ComponentRegistrar" />
138-->[com.google.firebase:firebase-installations:19.0.1] AndroidManifest.xml:20:17-82
139            <meta-data
139-->[com.google.firebase:firebase-common:22.0.1] AndroidManifest.xml:35:13-37:85
140                android:name="com.google.firebase.components:com.google.firebase.FirebaseCommonKtxRegistrar"
140-->[com.google.firebase:firebase-common:22.0.1] AndroidManifest.xml:36:17-109
141                android:value="com.google.firebase.components.ComponentRegistrar" />
141-->[com.google.firebase:firebase-common:22.0.1] AndroidManifest.xml:37:17-82
142            <meta-data
142-->[com.google.firebase:firebase-appcheck:19.0.2] AndroidManifest.xml:25:13-27:85
143                android:name="com.google.firebase.components:com.google.firebase.appcheck.FirebaseAppCheckKtxRegistrar"
143-->[com.google.firebase:firebase-appcheck:19.0.2] AndroidManifest.xml:26:17-120
144                android:value="com.google.firebase.components.ComponentRegistrar" />
144-->[com.google.firebase:firebase-appcheck:19.0.2] AndroidManifest.xml:27:17-82
145            <meta-data
145-->[com.google.firebase:firebase-appcheck:19.0.2] AndroidManifest.xml:28:13-30:85
146                android:name="com.google.firebase.components:com.google.firebase.appcheck.FirebaseAppCheckRegistrar"
146-->[com.google.firebase:firebase-appcheck:19.0.2] AndroidManifest.xml:29:17-117
147                android:value="com.google.firebase.components.ComponentRegistrar" />
147-->[com.google.firebase:firebase-appcheck:19.0.2] AndroidManifest.xml:30:17-82
148            <meta-data
148-->[com.google.firebase:firebase-datatransport:18.2.0] AndroidManifest.xml:25:13-27:85
149                android:name="com.google.firebase.components:com.google.firebase.datatransport.TransportRegistrar"
149-->[com.google.firebase:firebase-datatransport:18.2.0] AndroidManifest.xml:26:17-115
150                android:value="com.google.firebase.components.ComponentRegistrar" />
150-->[com.google.firebase:firebase-datatransport:18.2.0] AndroidManifest.xml:27:17-82
151        </service>
152
153        <provider
153-->[:image_picker_android] AndroidManifest.xml:9:9-17:20
154            android:name="io.flutter.plugins.imagepicker.ImagePickerFileProvider"
154-->[:image_picker_android] AndroidManifest.xml:10:13-82
155            android:authorities="com.example.laundry.flutter.image_provider"
155-->[:image_picker_android] AndroidManifest.xml:11:13-74
156            android:exported="false"
156-->[:image_picker_android] AndroidManifest.xml:12:13-37
157            android:grantUriPermissions="true" >
157-->[:image_picker_android] AndroidManifest.xml:13:13-47
158            <meta-data
158-->[:image_picker_android] AndroidManifest.xml:14:13-16:75
159                android:name="android.support.FILE_PROVIDER_PATHS"
159-->[:image_picker_android] AndroidManifest.xml:15:17-67
160                android:resource="@xml/flutter_image_picker_file_paths" />
160-->[:image_picker_android] AndroidManifest.xml:16:17-72
161        </provider> <!-- Trigger Google Play services to install the backported photo picker module. -->
162        <service
162-->[:image_picker_android] AndroidManifest.xml:19:9-31:19
163            android:name="com.google.android.gms.metadata.ModuleDependencies"
163-->[:image_picker_android] AndroidManifest.xml:20:13-78
164            android:enabled="false"
164-->[:image_picker_android] AndroidManifest.xml:21:13-36
165            android:exported="false" >
165-->[:image_picker_android] AndroidManifest.xml:22:13-37
166            <intent-filter>
166-->[:image_picker_android] AndroidManifest.xml:24:13-26:29
167                <action android:name="com.google.android.gms.metadata.MODULE_DEPENDENCIES" />
167-->[:image_picker_android] AndroidManifest.xml:25:17-94
167-->[:image_picker_android] AndroidManifest.xml:25:25-91
168            </intent-filter>
169
170            <meta-data
170-->[:image_picker_android] AndroidManifest.xml:28:13-30:36
171                android:name="photopicker_activity:0:required"
171-->[:image_picker_android] AndroidManifest.xml:29:17-63
172                android:value="" />
172-->[:image_picker_android] AndroidManifest.xml:30:17-33
173        </service>
174
175        <activity
175-->[:url_launcher_android] AndroidManifest.xml:8:9-11:74
176            android:name="io.flutter.plugins.urllauncher.WebViewActivity"
176-->[:url_launcher_android] AndroidManifest.xml:9:13-74
177            android:exported="false"
177-->[:url_launcher_android] AndroidManifest.xml:10:13-37
178            android:theme="@android:style/Theme.NoTitleBar.Fullscreen" />
178-->[:url_launcher_android] AndroidManifest.xml:11:13-71
179
180        <service
180-->[:firebase_messaging] AndroidManifest.xml:14:9-17:72
181            android:name="io.flutter.plugins.firebase.messaging.FlutterFirebaseMessagingBackgroundService"
181-->[:firebase_messaging] AndroidManifest.xml:15:13-107
182            android:exported="false"
182-->[:firebase_messaging] AndroidManifest.xml:16:13-37
183            android:permission="android.permission.BIND_JOB_SERVICE" />
183-->[:firebase_messaging] AndroidManifest.xml:17:13-69
184        <service
184-->[:firebase_messaging] AndroidManifest.xml:18:9-24:19
185            android:name="io.flutter.plugins.firebase.messaging.FlutterFirebaseMessagingService"
185-->[:firebase_messaging] AndroidManifest.xml:19:13-97
186            android:exported="false" >
186-->[:firebase_messaging] AndroidManifest.xml:20:13-37
187            <intent-filter>
187-->[:firebase_messaging] AndroidManifest.xml:21:13-23:29
188                <action android:name="com.google.firebase.MESSAGING_EVENT" />
188-->[:firebase_messaging] AndroidManifest.xml:22:17-78
188-->[:firebase_messaging] AndroidManifest.xml:22:25-75
189            </intent-filter>
190        </service>
191
192        <receiver
192-->[:firebase_messaging] AndroidManifest.xml:26:9-33:20
193            android:name="io.flutter.plugins.firebase.messaging.FlutterFirebaseMessagingReceiver"
193-->[:firebase_messaging] AndroidManifest.xml:27:13-98
194            android:exported="true"
194-->[:firebase_messaging] AndroidManifest.xml:28:13-36
195            android:permission="com.google.android.c2dm.permission.SEND" >
195-->[:firebase_messaging] AndroidManifest.xml:29:13-73
196            <intent-filter>
196-->[:firebase_messaging] AndroidManifest.xml:30:13-32:29
197                <action android:name="com.google.android.c2dm.intent.RECEIVE" />
197-->[:firebase_messaging] AndroidManifest.xml:31:17-81
197-->[:firebase_messaging] AndroidManifest.xml:31:25-78
198            </intent-filter>
199        </receiver>
200
201        <provider
201-->[:firebase_messaging] AndroidManifest.xml:41:9-45:38
202            android:name="io.flutter.plugins.firebase.messaging.FlutterFirebaseMessagingInitProvider"
202-->[:firebase_messaging] AndroidManifest.xml:42:13-102
203            android:authorities="com.example.laundry.flutterfirebasemessaginginitprovider"
203-->[:firebase_messaging] AndroidManifest.xml:43:13-88
204            android:exported="false"
204-->[:firebase_messaging] AndroidManifest.xml:44:13-37
205            android:initOrder="99" />
205-->[:firebase_messaging] AndroidManifest.xml:45:13-35
206
207        <activity
207-->[com.google.firebase:firebase-auth:24.0.1] AndroidManifest.xml:29:9-46:20
208            android:name="com.google.firebase.auth.internal.GenericIdpActivity"
208-->[com.google.firebase:firebase-auth:24.0.1] AndroidManifest.xml:30:13-80
209            android:excludeFromRecents="true"
209-->[com.google.firebase:firebase-auth:24.0.1] AndroidManifest.xml:31:13-46
210            android:exported="true"
210-->[com.google.firebase:firebase-auth:24.0.1] AndroidManifest.xml:32:13-36
211            android:launchMode="singleTask"
211-->[com.google.firebase:firebase-auth:24.0.1] AndroidManifest.xml:33:13-44
212            android:theme="@android:style/Theme.Translucent.NoTitleBar" >
212-->[com.google.firebase:firebase-auth:24.0.1] AndroidManifest.xml:34:13-72
213            <intent-filter>
213-->[com.google.firebase:firebase-auth:24.0.1] AndroidManifest.xml:35:13-45:29
214                <action android:name="android.intent.action.VIEW" />
214-->[com.google.firebase:firebase-auth:24.0.1] AndroidManifest.xml:36:17-69
214-->[com.google.firebase:firebase-auth:24.0.1] AndroidManifest.xml:36:25-66
215
216                <category android:name="android.intent.category.DEFAULT" />
216-->[com.google.firebase:firebase-auth:24.0.1] AndroidManifest.xml:38:17-76
216-->[com.google.firebase:firebase-auth:24.0.1] AndroidManifest.xml:38:27-73
217                <category android:name="android.intent.category.BROWSABLE" />
217-->[com.google.firebase:firebase-auth:24.0.1] AndroidManifest.xml:39:17-78
217-->[com.google.firebase:firebase-auth:24.0.1] AndroidManifest.xml:39:27-75
218
219                <data
219-->src\main\AndroidManifest.xml:44:13-50
220                    android:host="firebase.auth"
221                    android:path="/"
222                    android:scheme="genericidp" />
223            </intent-filter>
224        </activity>
225        <activity
225-->[com.google.firebase:firebase-auth:24.0.1] AndroidManifest.xml:47:9-64:20
226            android:name="com.google.firebase.auth.internal.RecaptchaActivity"
226-->[com.google.firebase:firebase-auth:24.0.1] AndroidManifest.xml:48:13-79
227            android:excludeFromRecents="true"
227-->[com.google.firebase:firebase-auth:24.0.1] AndroidManifest.xml:49:13-46
228            android:exported="true"
228-->[com.google.firebase:firebase-auth:24.0.1] AndroidManifest.xml:50:13-36
229            android:launchMode="singleTask"
229-->[com.google.firebase:firebase-auth:24.0.1] AndroidManifest.xml:51:13-44
230            android:theme="@android:style/Theme.Translucent.NoTitleBar" >
230-->[com.google.firebase:firebase-auth:24.0.1] AndroidManifest.xml:52:13-72
231            <intent-filter>
231-->[com.google.firebase:firebase-auth:24.0.1] AndroidManifest.xml:53:13-63:29
232                <action android:name="android.intent.action.VIEW" />
232-->[com.google.firebase:firebase-auth:24.0.1] AndroidManifest.xml:36:17-69
232-->[com.google.firebase:firebase-auth:24.0.1] AndroidManifest.xml:36:25-66
233
234                <category android:name="android.intent.category.DEFAULT" />
234-->[com.google.firebase:firebase-auth:24.0.1] AndroidManifest.xml:38:17-76
234-->[com.google.firebase:firebase-auth:24.0.1] AndroidManifest.xml:38:27-73
235                <category android:name="android.intent.category.BROWSABLE" />
235-->[com.google.firebase:firebase-auth:24.0.1] AndroidManifest.xml:39:17-78
235-->[com.google.firebase:firebase-auth:24.0.1] AndroidManifest.xml:39:27-75
236
237                <data
237-->src\main\AndroidManifest.xml:44:13-50
238                    android:host="firebase.auth"
239                    android:path="/"
240                    android:scheme="recaptcha" />
241            </intent-filter>
242        </activity>
243
244        <uses-library
244-->[androidx.window:window:1.2.0] AndroidManifest.xml:23:9-25:40
245            android:name="androidx.window.extensions"
245-->[androidx.window:window:1.2.0] AndroidManifest.xml:24:13-54
246            android:required="false" />
246-->[androidx.window:window:1.2.0] AndroidManifest.xml:25:13-37
247        <uses-library
247-->[androidx.window:window:1.2.0] AndroidManifest.xml:26:9-28:40
248            android:name="androidx.window.sidecar"
248-->[androidx.window:window:1.2.0] AndroidManifest.xml:27:13-51
249            android:required="false" />
249-->[androidx.window:window:1.2.0] AndroidManifest.xml:28:13-37
250
251        <meta-data
251-->[com.google.maps.android:android-maps-utils:4.1.0] AndroidManifest.xml:24:9-26:69
252            android:name="com.google.android.gms.version"
252-->[com.google.maps.android:android-maps-utils:4.1.0] AndroidManifest.xml:25:13-58
253            android:value="@integer/google_play_services_version" />
253-->[com.google.maps.android:android-maps-utils:4.1.0] AndroidManifest.xml:26:13-66
254
255        <provider
255-->[com.google.maps.android:android-maps-utils:4.1.0] AndroidManifest.xml:28:9-36:20
256            android:name="androidx.startup.InitializationProvider"
256-->[com.google.maps.android:android-maps-utils:4.1.0] AndroidManifest.xml:29:13-67
257            android:authorities="com.example.laundry.androidx-startup"
257-->[com.google.maps.android:android-maps-utils:4.1.0] AndroidManifest.xml:30:13-68
258            android:exported="false" >
258-->[com.google.maps.android:android-maps-utils:4.1.0] AndroidManifest.xml:31:13-37
259            <meta-data
259-->[com.google.maps.android:android-maps-utils:4.1.0] AndroidManifest.xml:33:13-35:52
260                android:name="com.google.maps.android.utils.attribution.AttributionIdInitializer"
260-->[com.google.maps.android:android-maps-utils:4.1.0] AndroidManifest.xml:34:17-98
261                android:value="androidx.startup" />
261-->[com.google.maps.android:android-maps-utils:4.1.0] AndroidManifest.xml:35:17-49
262            <meta-data
262-->[androidx.emoji2:emoji2:1.3.0] AndroidManifest.xml:29:13-31:52
263                android:name="androidx.emoji2.text.EmojiCompatInitializer"
263-->[androidx.emoji2:emoji2:1.3.0] AndroidManifest.xml:30:17-75
264                android:value="androidx.startup" />
264-->[androidx.emoji2:emoji2:1.3.0] AndroidManifest.xml:31:17-49
265            <meta-data
265-->[androidx.lifecycle:lifecycle-process:2.7.0] AndroidManifest.xml:29:13-31:52
266                android:name="androidx.lifecycle.ProcessLifecycleInitializer"
266-->[androidx.lifecycle:lifecycle-process:2.7.0] AndroidManifest.xml:30:17-78
267                android:value="androidx.startup" />
267-->[androidx.lifecycle:lifecycle-process:2.7.0] AndroidManifest.xml:31:17-49
268            <meta-data
268-->[androidx.profileinstaller:profileinstaller:1.4.0] AndroidManifest.xml:29:13-31:52
269                android:name="androidx.profileinstaller.ProfileInstallerInitializer"
269-->[androidx.profileinstaller:profileinstaller:1.4.0] AndroidManifest.xml:30:17-85
270                android:value="androidx.startup" />
270-->[androidx.profileinstaller:profileinstaller:1.4.0] AndroidManifest.xml:31:17-49
271        </provider>
272
273        <service
273-->[androidx.credentials:credentials-play-services-auth:1.2.0-rc01] AndroidManifest.xml:24:9-32:19
274            android:name="androidx.credentials.playservices.CredentialProviderMetadataHolder"
274-->[androidx.credentials:credentials-play-services-auth:1.2.0-rc01] AndroidManifest.xml:25:13-94
275            android:enabled="true"
275-->[androidx.credentials:credentials-play-services-auth:1.2.0-rc01] AndroidManifest.xml:26:13-35
276            android:exported="false" >
276-->[androidx.credentials:credentials-play-services-auth:1.2.0-rc01] AndroidManifest.xml:27:13-37
277            <meta-data
277-->[androidx.credentials:credentials-play-services-auth:1.2.0-rc01] AndroidManifest.xml:29:13-31:104
278                android:name="androidx.credentials.CREDENTIAL_PROVIDER_KEY"
278-->[androidx.credentials:credentials-play-services-auth:1.2.0-rc01] AndroidManifest.xml:30:17-76
279                android:value="androidx.credentials.playservices.CredentialProviderPlayServicesImpl" />
279-->[androidx.credentials:credentials-play-services-auth:1.2.0-rc01] AndroidManifest.xml:31:17-101
280        </service>
281
282        <activity
282-->[androidx.credentials:credentials-play-services-auth:1.2.0-rc01] AndroidManifest.xml:34:9-41:20
283            android:name="androidx.credentials.playservices.HiddenActivity"
283-->[androidx.credentials:credentials-play-services-auth:1.2.0-rc01] AndroidManifest.xml:35:13-76
284            android:configChanges="orientation|screenSize|screenLayout|keyboardHidden"
284-->[androidx.credentials:credentials-play-services-auth:1.2.0-rc01] AndroidManifest.xml:36:13-87
285            android:enabled="true"
285-->[androidx.credentials:credentials-play-services-auth:1.2.0-rc01] AndroidManifest.xml:37:13-35
286            android:exported="false"
286-->[androidx.credentials:credentials-play-services-auth:1.2.0-rc01] AndroidManifest.xml:38:13-37
287            android:fitsSystemWindows="true"
287-->[androidx.credentials:credentials-play-services-auth:1.2.0-rc01] AndroidManifest.xml:39:13-45
288            android:theme="@style/Theme.Hidden" >
288-->[androidx.credentials:credentials-play-services-auth:1.2.0-rc01] AndroidManifest.xml:40:13-48
289        </activity>
290        <activity
290-->[com.google.android.gms:play-services-auth:20.7.0] AndroidManifest.xml:23:9-27:75
291            android:name="com.google.android.gms.auth.api.signin.internal.SignInHubActivity"
291-->[com.google.android.gms:play-services-auth:20.7.0] AndroidManifest.xml:24:13-93
292            android:excludeFromRecents="true"
292-->[com.google.android.gms:play-services-auth:20.7.0] AndroidManifest.xml:25:13-46
293            android:exported="false"
293-->[com.google.android.gms:play-services-auth:20.7.0] AndroidManifest.xml:26:13-37
294            android:theme="@android:style/Theme.Translucent.NoTitleBar" />